<?xml version="1.0" encoding="UTF-8"?>
<!-- Generated by org.testng.reporters.JUnitReportReporter -->
<testsuite hostname="user-PC" name="com.SeleniumEasy.Pages.InputFormPage" tests="1" failures="0" timestamp="15 Jan 2017 14:56:37 GMT" time="16.620" errors="0">
  <testcase name="Case1" time="16.620" classname="com.SeleniumEasy.Pages.InputFormPage"/>
</testsuite> <!-- com.SeleniumEasy.Pages.InputFormPage -->
