<?xml version="1.0" encoding="UTF-8"?>
<!-- Generated by org.testng.reporters.JUnitReportReporter -->
<testsuite hostname="user-PC" name="com.SeleniumEasy.TestCases.DropDownCases" tests="1" failures="0" timestamp="15 Jan 2017 05:31:02 GMT" time="22.103" errors="0">
  <testcase name="DropdownCase2" time="22.103" classname="com.SeleniumEasy.TestCases.DropDownCases"/>
</testsuite> <!-- com.SeleniumEasy.TestCases.DropDownCases -->
