<?xml version="1.0" encoding="UTF-8"?>
<!-- Generated by org.testng.reporters.JUnitReportReporter -->
<testsuite hostname="user-PC" name="com.SeleniumEasy.TestCases.Checkboxcases" tests="1" failures="0" timestamp="29 Dec 2016 17:29:23 GMT" time="20.637" errors="0">
  <testcase name="ChkTest1" time="20.637" classname="com.SeleniumEasy.TestCases.Checkboxcases"/>
</testsuite> <!-- com.SeleniumEasy.TestCases.Checkboxcases -->
