<?xml version="1.0" encoding="UTF-8"?>
<!-- Generated by org.testng.reporters.JUnitReportReporter -->
<testsuite hostname="user-PC" name="com.SeleniumEasy.TestCases.DropdownTest" tests="5" failures="0" timestamp="15 Jan 2017 15:48:01 GMT" time="69.128" errors="0">
  <testcase name="DropdownCase1" time="12.811" classname="com.SeleniumEasy.TestCases.DropdownTest"/>
  <testcase name="DropdownCase4" time="13.634" classname="com.SeleniumEasy.TestCases.DropdownTest"/>
  <testcase name="DropdownCase5" time="13.127" classname="com.SeleniumEasy.TestCases.DropdownTest"/>
  <testcase name="DropdownCase2" time="13.235" classname="com.SeleniumEasy.TestCases.DropdownTest"/>
  <testcase name="DropdownCase3" time="16.321" classname="com.SeleniumEasy.TestCases.DropdownTest"/>
</testsuite> <!-- com.SeleniumEasy.TestCases.DropdownTest -->
